2026-04-11 22:01:20, MOVE, v:1, k:fup@loop_ii, mode:DOWN
2026-04-11 22:01:21, MOVE, v:1, k:fup@loop_ii, mode:PICK
2026-04-11 22:01:24, EXEC, v:1, k:fup@loop_ii, mode:FULL, rate:0, size:5
2026-04-11 22:01:20, MOVE, v:1, k:fup@loop_ii, mode:EDIT
2026-04-11 22:01:20, MOVE, v:1, k:fup@loop_ii, mode:EDIT
2026-04-11 22:01:24, MOVE, v:1, k:fup@loop_ii, mode:EDIT
2026-04-11 22:05:24, MOVE, v:1, k:fup@loop_ii, mode:EDIT
2026-04-11 22:07:47, EXEC, v:1, k:fup@loop_ii, mode:FULL, rate:0, size:10
2026-04-11 22:08:17, EXEC, v:1, k:fup@loop_ii, mode:FULL, rate:0, size:10
2026-04-11 22:08:26, EXEC, v:1, k:fup@loop_ii, mode:FULL, rate:0, size:10
2026-04-11 22:08:38, EXEC, v:1, k:fup@loop_ii, mode:FULL, rate:0, size:10
2026-04-11 22:09:32, EXEC, v:1, k:fup@loop_ii, mode:FULL, rate:0, size:11
2026-04-11 22:09:41, EXEC, v:1, k:fup@loop_ii, mode:FULL, rate:0, size:11
2026-04-11 22:10:41, MOVE, v:1, k:fup@loop_ii, mode:EDIT
2026-04-11 22:09:41, MOVE, v:1, k:fup@loop_ii, mode:EDIT
2026-04-11 22:10:46, EXEC, v:1, k:fup@loop_ii, mode:FULL, rate:0, size:17
2026-04-11 22:11:12, EXEC, v:1, k:fup@loop_ii, mode:FULL, rate:0, size:17
2026-04-11 22:12:01, EXEC, v:1, k:fup@loop_ii, mode:FULL, rate:0, size:17
2026-04-11 22:12:14, EXEC, v:1, k:fup@loop_ii, mode:FULL, rate:0, size:17
2026-04-11 22:12:42, EXEC, v:1, k:fup@loop_ii, mode:FULL, rate:0, size:17
2026-04-11 22:12:53, EXEC, v:1, k:fup@loop_ii, mode:FULL, rate:0, size:17
2026-04-11 22:12:53, MOVE, v:1, k:fup@loop_ii, mode:EDIT
2026-04-11 22:14:39, MOVE, v:1, k:fup@loop_ii, mode:EDIT
2026-04-11 22:15:58, EXEC, v:1, k:fup@loop_ii, mode:FULL, rate:0, size:16
2026-04-11 22:16:33, EXEC, v:1, k:fup@loop_ii, mode:FULL, rate:0, size:16
2026-04-11 22:16:42, EXEC, v:1, k:fup@loop_ii, mode:FULL, rate:0, size:16
2026-04-11 22:16:58, EXEC, v:1, k:fup@loop_ii, mode:FULL, rate:0, size:16
2026-04-11 22:17:04, EXEC, v:1, k:fup@loop_ii, mode:FULL, rate:0, size:16
2026-04-11 22:17:25, EXEC, v:1, k:fup@loop_ii, mode:FULL, rate:0, size:16
2026-04-11 22:18:21, EXEC, v:1, k:fup@loop_ii, mode:FULL, rate:0, size:16
2026-04-11 22:18:28, EXEC, v:1, k:fup@loop_ii, mode:FULL, rate:0, size:16
2026-04-11 22:19:13, EXEC, v:1, k:fup@loop_ii, mode:FULL, rate:0, size:16
2026-04-11 22:19:28, EXEC, v:1, k:fup@loop_ii, mode:FULL, rate:100, size:16
2026-04-11 22:20:34, EXEC, v:1, k:fup@loop_ii, mode:FULL, rate:0, size:16
2026-04-11 22:20:42, MOVE, v:1, k:fup@loop_ii, mode:EDIT
2026-04-11 22:20:34, MOVE, v:1, k:fup@loop_ii, mode:EDIT
2026-04-11 22:20:44, EXEC, v:1, k:fup@loop_ii, mode:FULL, rate:100, size:16
2026-04-11 22:20:58, MOVE, v:1, k:fup@loop_ii, mode:BACK
2026-04-11 22:21:20, MOVE, v:1, k:fup@loop_v, mode:DOWN
2026-04-11 22:21:24, MOVE, v:1, k:fup@loop_v, mode:PICK
2026-04-11 22:21:26, EXEC, v:1, k:fup@loop_v, mode:FULL, rate:0, size:5
2026-04-11 22:24:50, EXEC, v:1, k:fup@loop_v, mode:FULL, rate:0, size:10
2026-04-11 22:25:07, EXEC, v:1, k:fup@loop_v, mode:FULL, rate:0, size:10
2026-04-11 22:20:44, MOVE, v:1, k:fup@loop_ii, mode:EDIT
2026-04-11 22:21:20, MOVE, v:1, k:fup@loop_v, mode:EDIT
2026-04-11 22:25:07, MOVE, v:1, k:fup@loop_v, mode:EDIT
2026-04-11 22:25:33, MOVE, v:1, k:fup@loop_v, mode:EDIT
2026-04-11 22:26:08, EXEC, v:1, k:fup@loop_v, mode:FULL, size:12, fail:COMP
2026-04-11 22:27:06, EXEC, v:1, k:fup@loop_v, mode:FULL, rate:0, size:13
2026-04-11 22:27:36, EXEC, v:1, k:fup@loop_v, mode:FULL, rate:0, size:12
2026-04-11 22:28:10, EXEC, v:1, k:fup@loop_v, mode:FULL, rate:0, size:14
2026-04-11 22:28:56, MOVE, v:1, k:fup@loop_v, mode:EDIT
2026-04-11 22:28:10, MOVE, v:1, k:fup@loop_v, mode:EDIT
2026-04-11 22:33:48, EXEC, v:1, k:fup@loop_v, mode:FULL, rate:0, size:18
2026-04-11 22:34:12, EXEC, v:1, k:fup@loop_v, mode:FULL, rate:0, size:18
2026-04-11 22:34:30, MOVE, v:1, k:fup@loop_v, mode:EDIT
2026-04-11 22:34:12, MOVE, v:1, k:fup@loop_v, mode:EDIT
2026-04-11 22:36:17, EXEC, v:1, k:fup@loop_v, mode:FULL, rate:0, size:19
2026-04-11 22:36:50, EXEC, v:1, k:fup@loop_v, mode:FULL, rate:0, size:19
2026-04-11 22:37:02, EXEC, v:1, k:fup@loop_v, mode:FULL, rate:0, size:19
2026-04-11 22:37:09, EXEC, v:1, k:fup@loop_v, mode:FULL, rate:0, size:19
2026-04-11 22:37:19, EXEC, v:1, k:fup@loop_v, mode:FULL, rate:0, size:19
2026-04-11 22:37:34, EXEC, v:1, k:fup@loop_v, mode:FULL, rate:0, size:19
2026-04-11 22:37:41, EXEC, v:1, k:fup@loop_v, mode:FULL, rate:0, size:19
2026-04-11 22:38:40, EXEC, v:1, k:fup@loop_v, mode:FULL, rate:0, size:19
2026-04-11 22:38:59, EXEC, v:1, k:fup@loop_v, mode:FULL, rate:0, size:19
2026-04-11 22:39:18, EXEC, v:1, k:fup@loop_v, mode:FULL, rate:0, size:19
2026-04-11 22:39:51, EXEC, v:1, k:fup@loop_v, mode:FULL, rate:0, size:20
2026-04-11 22:39:48, MOVE, v:1, k:fup@loop_v, mode:EDIT
2026-04-11 22:39:51, MOVE, v:1, k:fup@loop_v, mode:EDIT
2026-04-11 22:42:30, EXEC, v:1, k:fup@loop_v, mode:FULL, size:22, fail:COMP
2026-04-11 22:44:05, EXEC, v:1, k:fup@loop_v, mode:FULL, rate:100, size:22
2026-04-11 22:44:24, MOVE, v:1, k:fup@loop_v, mode:BACK
2026-04-11 22:44:51, MOVE, v:1, k:fup@filhos, mode:DOWN
2026-04-11 22:44:59, MOVE, v:1, k:fup@filhos, mode:PICK
2026-04-11 22:45:01, EXEC, v:1, k:fup@filhos, mode:FULL, rate:0, size:5
2026-04-11 22:44:03, MOVE, v:1, k:fup@loop_v, mode:EDIT
2026-04-11 22:44:05, MOVE, v:1, k:fup@loop_v, mode:EDIT
2026-04-11 22:44:51, MOVE, v:1, k:fup@filhos, mode:EDIT
2026-04-11 22:44:51, MOVE, v:1, k:fup@filhos, mode:EDIT
2026-04-11 22:45:23, MOVE, v:1, k:fup@filhos, mode:EDIT
2026-04-11 22:45:01, MOVE, v:1, k:fup@filhos, mode:EDIT
2026-04-11 22:47:10, MOVE, v:1, k:fup@filhos, mode:EDIT
2026-04-11 22:54:47, EXEC, v:1, k:fup@filhos, mode:FULL, rate:0, size:10
2026-04-11 22:55:07, EXEC, v:1, k:fup@filhos, mode:FULL, rate:0
2026-04-11 22:54:43, MOVE, v:1, k:fup@filhos, mode:EDIT
2026-04-11 22:55:05, MOVE, v:1, k:fup@filhos, mode:EDIT
2026-04-11 22:59:19, MOVE, v:1, k:fup@filhos, mode:BACK
2026-04-11 22:59:40, SELF, v:1, k:fup@loop_v, self:1, rate:100
2026-04-11 23:00:10, MOVE, v:1, k:fup@loop_v, mode:PICK
2026-04-11 23:00:11, MOVE, v:1, k:fup@loop_v, mode:BACK
2026-04-11 23:00:39, SELF, v:1, k:fup@loop_iii, self:1
2026-04-11 23:01:04, MOVE, v:1, k:fup@loop_i, mode:PICK
2026-04-11 23:01:06, EXEC, v:1, k:fup@loop_i, mode:FULL, rate:100
2026-04-11 23:01:08, MOVE, v:1, k:fup@loop_i, mode:BACK
2026-04-11 23:01:15, SELF, v:1, k:fup@loop_i, self:1, rate:100
2026-04-11 23:01:38, SELF, v:1, k:fup@loop_ii, self:1, rate:100
2026-04-11 23:01:52, SELF, v:1, k:fup@loop_iii, self:1
2026-04-11 23:01:55, MOVE, v:1, k:fup@loop_iii, mode:PICK
2026-04-11 23:01:57, EXEC, v:1, k:fup@loop_iii, mode:FULL, rate:100
2026-04-11 23:02:00, MOVE, v:1, k:fup@loop_iii, mode:BACK
