2026-03-16 00:01:27, EXEC, v:1, k:fup@media, mode:FULL, rate:0, size:12
2026-03-16 00:03:49, EXEC, v:1, k:fup@media, mode:FULL, rate:0, size:12
2026-03-16 00:07:24, EXEC, v:1, k:fup@media, mode:FULL, rate:100, size:12
2026-03-16 00:08:02, MOVE, v:1, k:fup@media, mode:BACK
2026-03-16 00:08:52, SELF, v:1, k:fup@media, self:1, rate:100, study:20, friend:nao
2026-03-16 00:08:59, MOVE, v:1, k:fup@resto, mode:PICK
2026-03-16 00:09:03, MOVE, v:1, k:fup@resto, mode:BACK
2026-03-16 00:09:36, SELF, v:1, k:fup@resto, self:1, rate:100, study:60, friend:sim,alec
2026-03-16 00:10:52, SELF, v:1, k:fup@tres, self:1, rate:100, study:20, friend:sim,do professor
2026-03-16 00:11:14, MOVE, v:1, k:fup@sobrou, mode:DOWN
2026-03-16 00:11:23, MOVE, v:1, k:fup@sobrou, mode:PICK
2026-03-16 00:11:25, EXEC, v:1, k:fup@sobrou, mode:FULL, rate:0, size:5
2026-03-16 00:11:38, MOVE, v:1, k:fup@sobrou, mode:BACK
2026-03-16 00:11:47, MOVE, v:1, k:fup@sobrou, mode:PICK
2026-03-16 00:11:49, EXEC, v:1, k:fup@sobrou, mode:FULL, rate:0
2026-03-16 01:11:34, EXEC, v:1, k:fup@sobrou, mode:FULL, rate:0, size:21
2026-03-16 01:11:45, EXEC, v:1, k:fup@sobrou, mode:FULL, rate:0, size:21
2026-03-16 01:13:15, EXEC, v:1, k:fup@sobrou, mode:FULL, rate:0
2026-03-16 01:14:21, EXEC, v:1, k:fup@sobrou, mode:FULL, rate:0, size:21
2026-03-16 01:14:39, EXEC, v:1, k:fup@sobrou, mode:FULL, rate:100, size:21
2026-03-16 01:19:17, MOVE, v:1, k:fup@sobrou, mode:BACK
2026-03-16 01:20:07, SELF, v:1, k:fup@sobrou, self:1, rate:100, study:60, friend:sim,alec
2026-03-16 01:20:29, SELF, v:1, k:fup@tres, self:1, rate:100, study:20, friend:sim,do professor , guided:1
2026-03-16 01:20:30, MOVE, v:1, k:fup@tres, mode:PICK
2026-03-16 01:20:33, MOVE, v:1, k:fup@tres, mode:BACK
