2026-03-10 16:53:57, MOVE, v:1, k:ffup@tres, mode:DOWN
2026-03-10 17:17:05, MOVE, v:1, k:sandbox@user_001, mode:PICK
2026-03-10 17:17:55, EXEC, v:1, k:sandbox@user_001, mode:LOCK, rate:0, size:5
2026-03-10 17:17:55, EXEC, v:1, k:sandbox@user_001, mode:LOCK, rate:0, size:5
2026-03-10 17:20:59, EXEC, v:1, k:sandbox@user_001, mode:LOCK, rate:0, size:5
2026-03-10 17:24:11, EXEC, v:1, k:sandbox@user_001, mode:FULL, rate:0
2026-03-10 17:31:47, EXEC, v:1, k:sandbox@user_001, mode:FULL, rate:0, size:7
2026-03-10 17:41:24, EXEC, v:1, k:sandbox@user_001, mode:FULL, size:9, fail:COMP
2026-03-10 17:44:18, EXEC, v:1, k:sandbox@user_001, mode:FULL, rate:0, size:9
2026-03-10 17:46:47, EXEC, v:1, k:sandbox@user_001, mode:FULL, rate:0, size:10
2026-03-10 17:57:38, EXEC, v:1, k:sandbox@user_001, mode:FULL, rate:0, size:10
2026-03-10 17:58:36, EXEC, v:1, k:sandbox@user_001, mode:FULL, rate:0, size:10
2026-03-10 17:58:50, EXEC, v:1, k:sandbox@user_001, mode:FULL, rate:0, size:10
2026-03-10 18:01:23, EXEC, v:1, k:sandbox@user_001, mode:FULL, rate:100, size:11
2026-03-10 18:01:36, EXEC, v:1, k:sandbox@user_001, mode:FULL, rate:0, size:11
2026-03-10 18:01:47, MOVE, v:1, k:sandbox@user_001, mode:BACK
2026-03-10 18:06:52, MOVE, v:1, k:fup@tres, mode:DOWN
2026-03-10 18:06:59, MOVE, v:1, k:fup@tres, mode:PICK
2026-03-10 18:07:01, EXEC, v:1, k:fup@tres, mode:FULL, rate:0, size:5
2026-03-10 18:12:11, EXEC, v:1, k:fup@tres, mode:FULL, rate:100, size:7
2026-03-10 18:12:31, MOVE, v:1, k:fup@tres, mode:BACK
2026-03-10 18:13:02, MOVE, v:1, k:fup@resto, mode:DOWN
2026-03-10 18:13:07, MOVE, v:1, k:fup@resto, mode:PICK
2026-03-10 18:13:10, EXEC, v:1, k:fup@resto, mode:FULL, rate:0, size:5
2026-03-10 18:13:19, EXEC, v:1, k:fup@resto, mode:FULL, rate:0
2026-03-10 18:26:00, MOVE, v:1, k:fup@resto, mode:BACK
2026-03-10 18:29:04, SELF, v:1, k:fup@tres, self:1, rate:100, study:30, friend:nao, guided:1
