2026-04-14 16:42:48, MOVE, v:1, k:sandbox@user_001, mode:PICK
2026-04-14 16:42:51, EXEC, v:1, k:sandbox@user_001, mode:LOCK, rate:0, size:5
2026-04-14 16:42:43, MOVE, v:1, k:sandbox@user_001, mode:EDIT
2026-04-14 16:42:50, MOVE, v:1, k:sandbox@user_001, mode:EDIT
2026-04-14 16:47:05, EXEC, v:1, k:sandbox@user_001, mode:LOCK, rate:0, size:6
2026-04-14 16:48:48, EXEC, v:1, k:sandbox@user_001, mode:LOCK, rate:0, size:7
2026-04-14 16:48:47, MOVE, v:1, k:sandbox@user_001, mode:EDIT
2026-04-14 16:48:48, MOVE, v:1, k:sandbox@user_001, mode:EDIT
2026-04-14 16:53:42, EXEC, v:1, k:sandbox@user_001, mode:LOCK, rate:0, size:7
2026-04-14 16:54:34, MOVE, v:1, k:sandbox@user_001, mode:EDIT
2026-04-14 16:53:42, MOVE, v:1, k:sandbox@user_001, mode:EDIT
2026-04-14 16:55:03, EXEC, v:1, k:sandbox@user_001, mode:LOCK, rate:0, size:9
2026-04-14 16:59:22, EXEC, v:1, k:sandbox@user_001, mode:LOCK, rate:0, size:8
2026-04-14 16:59:21, MOVE, v:1, k:sandbox@user_001, mode:EDIT
2026-04-14 16:59:22, MOVE, v:1, k:sandbox@user_001, mode:EDIT
2026-04-14 17:00:28, EXEC, v:1, k:sandbox@user_001, mode:LOCK, rate:0, size:9
2026-04-14 17:02:04, EXEC, v:1, k:sandbox@user_001, mode:FREE
2026-04-14 17:00:23, MOVE, v:1, k:sandbox@user_001, mode:EDIT
2026-04-14 17:02:05, MOVE, v:1, k:sandbox@user_001, mode:EDIT
2026-04-14 17:14:38, MOVE, v:1, k:sandbox@user_001, mode:EDIT
2026-04-14 17:18:10, EXEC, v:1, k:sandbox@user_001, mode:LOCK, rate:0, size:13
2026-04-14 17:18:28, EXEC, v:1, k:sandbox@user_001, mode:LOCK, rate:0, size:13
2026-04-14 17:18:25, MOVE, v:1, k:sandbox@user_001, mode:EDIT
2026-04-14 17:18:28, MOVE, v:1, k:sandbox@user_001, mode:EDIT
2026-04-14 17:19:59, EXEC, v:1, k:sandbox@user_001, mode:LOCK, rate:0, size:13
2026-04-14 17:20:30, EXEC, v:1, k:sandbox@user_001, mode:LOCK, rate:0, size:13
2026-04-14 17:20:42, EXEC, v:1, k:sandbox@user_001, mode:LOCK, rate:0, size:13
2026-04-14 17:21:53, EXEC, v:1, k:sandbox@user_001, mode:LOCK, rate:0, size:16
2026-04-14 17:22:30, MOVE, v:1, k:sandbox@user_001, mode:EDIT
2026-04-14 17:21:53, MOVE, v:1, k:sandbox@user_001, mode:EDIT
2026-04-14 17:29:38, MOVE, v:1, k:sandbox@user_001, mode:EDIT
2026-04-14 17:34:39, MOVE, v:1, k:sandbox@user_001, mode:EDIT
2026-04-14 17:37:28, EXEC, v:1, k:sandbox@user_001, mode:LOCK, rate:100, size:23
2026-04-14 17:37:57, EXEC, v:1, k:sandbox@user_001, mode:LOCK, rate:0, size:23
2026-04-14 17:38:46, EXEC, v:1, k:sandbox@user_001, mode:FREE
2026-04-14 17:37:56, MOVE, v:1, k:sandbox@user_001, mode:EDIT
2026-04-14 17:39:42, MOVE, v:1, k:sandbox@user_001, mode:EDIT
2026-04-14 17:40:28, MOVE, v:1, k:sandbox@user_001, mode:BACK
2026-04-14 17:41:48, MOVE, v:1, k:fup@vet_i, mode:DOWN
2026-04-14 17:41:49, MOVE, v:1, k:fup@vet_i, mode:PICK
2026-04-14 17:41:50, EXEC, v:1, k:fup@vet_i, mode:FULL, rate:0, size:5
2026-04-14 17:40:07, MOVE, v:1, k:sandbox@user_001, mode:EDIT
2026-04-14 17:41:48, MOVE, v:1, k:fup@vet_i, mode:EDIT
2026-04-14 17:41:48, MOVE, v:1, k:fup@vet_i, mode:EDIT
2026-04-14 17:41:48, MOVE, v:1, k:fup@vet_i, mode:EDIT
2026-04-14 17:41:50, MOVE, v:1, k:fup@vet_i, mode:EDIT
2026-04-14 17:45:47, EXEC, v:1, k:fup@vet_i, mode:FULL, rate:0, size:24
2026-04-14 17:45:58, EXEC, v:1, k:fup@vet_i, mode:FULL, rate:0, size:24
2026-04-14 17:46:08, EXEC, v:1, k:fup@vet_i, mode:FULL, rate:50, size:24
2026-04-14 17:46:42, EXEC, v:1, k:fup@vet_i, mode:FULL, rate:50, size:24
2026-04-14 17:47:28, EXEC, v:1, k:fup@vet_i, mode:FULL, rate:0, size:24
2026-04-14 17:47:38, EXEC, v:1, k:fup@vet_i, mode:FULL, rate:25, size:24
2026-04-14 17:47:50, EXEC, v:1, k:fup@vet_i, mode:FULL, rate:75, size:24
2026-04-14 17:47:56, EXEC, v:1, k:fup@vet_i, mode:FULL, rate:25, size:24
2026-04-14 17:48:39, MOVE, v:1, k:fup@vet_i, mode:EDIT
2026-04-14 17:47:56, MOVE, v:1, k:fup@vet_i, mode:EDIT
2026-04-14 17:50:15, EXEC, v:1, k:fup@vet_i, mode:FULL, rate:50, size:24
2026-04-14 17:51:36, EXEC, v:1, k:fup@vet_i, mode:FULL, rate:0, size:24
2026-04-14 17:51:43, EXEC, v:1, k:fup@vet_i, mode:FULL, rate:0, size:24
2026-04-14 17:51:55, EXEC, v:1, k:fup@vet_i, mode:FULL, rate:25, size:24
2026-04-14 17:53:26, EXEC, v:1, k:fup@vet_i, mode:FULL, rate:25, size:24
2026-04-14 17:54:42, MOVE, v:1, k:fup@vet_i, mode:EDIT
2026-04-14 17:53:26, MOVE, v:1, k:fup@vet_i, mode:EDIT
2026-04-14 17:54:44, EXEC, v:1, k:fup@vet_i, mode:FULL, rate:75, size:24
2026-04-14 17:58:22, EXEC, v:1, k:fup@vet_i, mode:FULL, rate:25, size:24
2026-04-14 17:58:57, EXEC, v:1, k:fup@vet_i, mode:FULL, rate:100, size:24
2026-04-14 17:58:57, MOVE, v:1, k:fup@vet_i, mode:EDIT
2026-04-14 17:58:55, MOVE, v:1, k:fup@vet_i, mode:EDIT
2026-04-14 18:16:52, MOVE, v:1, k:fup@vet_i, mode:BACK
