2026-03-15 23:40:52, MOVE, v:1, k:sandbox@user_000, mode:PICK
2026-03-15 23:40:56, EXEC, v:1, k:sandbox@user_000, mode:LOCK, rate:0, size:5
2026-03-15 23:41:26, EXEC, v:1, k:sandbox@user_000, mode:LOCK, rate:0, size:6
2026-03-15 23:42:43, MOVE, v:1, k:sandbox@user_000, mode:BACK
2026-03-15 23:43:30, MOVE, v:1, k:sandbox@user_001, mode:PICK
2026-03-15 23:43:31, EXEC, v:1, k:sandbox@user_001, mode:FULL, rate:0, size:11
2026-03-15 23:44:49, EXEC, v:1, k:sandbox@user_001, mode:FULL, rate:0
2026-03-15 23:44:51, EXEC, v:1, k:sandbox@user_001, mode:FULL, rate:0
2026-03-15 23:44:51, EXEC, v:1, k:sandbox@user_001, mode:FULL, rate:0
2026-03-15 23:53:15, MOVE, v:1, k:fup@tres, mode:PICK
2026-03-15 23:53:17, EXEC, v:1, k:fup@tres, mode:FULL, rate:100, size:7
2026-03-15 23:53:27, MOVE, v:1, k:fup@tres, mode:BACK
2026-03-15 23:53:35, MOVE, v:1, k:fup@resto, mode:PICK
2026-03-15 23:53:37, EXEC, v:1, k:fup@resto, mode:FULL, rate:100, size:14
2026-03-15 23:53:52, MOVE, v:1, k:fup@resto, mode:BACK
2026-03-15 23:53:57, MOVE, v:1, k:fup@media, mode:PICK
2026-03-15 23:53:58, EXEC, v:1, k:fup@media, mode:FULL, size:10, fail:COMP
2026-03-15 23:55:25, EXEC, v:1, k:fup@media, mode:FULL, rate:0, size:12
2026-03-15 23:56:35, EXEC, v:1, k:fup@media, mode:FULL, rate:60, size:12
2026-03-15 23:57:21, EXEC, v:1, k:fup@media, mode:FULL, rate:60, size:12
2026-03-15 23:57:27, EXEC, v:1, k:fup@media, mode:FULL, rate:60
2026-03-15 23:58:33, EXEC, v:1, k:fup@media, mode:FULL, rate:0, size:12
2026-03-15 23:59:25, EXEC, v:1, k:fup@media, mode:FULL, rate:0, size:12
2026-03-15 23:59:37, EXEC, v:1, k:fup@media, mode:FULL, rate:0, size:12
2026-03-15 23:59:54, EXEC, v:1, k:fup@media, mode:FULL, rate:60, size:12
