2026-03-25 17:20:45, MOVE, v:1, k:fup@pr_jokenpo, mode:DOWN
2026-03-25 17:21:06, MOVE, v:1, k:fup@pr_jokenpo, mode:PICK
2026-03-25 17:21:10, EXEC, v:1, k:fup@pr_jokenpo, mode:LOCK, rate:0, size:5
2026-03-25 17:21:27, MOVE, v:1, k:fup@pr_jokenpo, mode:BACK
2026-03-25 17:21:33, MOVE, v:1, k:fup@abs, mode:PICK
2026-03-25 17:21:35, EXEC, v:1, k:fup@abs, mode:FULL, rate:0
2026-03-25 17:49:09, EXEC, v:1, k:fup@abs, mode:FULL, rate:25, size:15
2026-03-25 17:49:48, EXEC, v:1, k:fup@abs, mode:FULL, rate:25, size:15
2026-03-25 17:51:37, EXEC, v:1, k:fup@abs, mode:FULL, rate:50, size:18
2026-03-25 17:55:14, EXEC, v:1, k:fup@abs, mode:FULL, rate:100, size:13
2026-03-25 17:56:29, MOVE, v:1, k:fup@abs, mode:BACK
2026-03-25 17:56:36, MOVE, v:1, k:fup@max, mode:DOWN
2026-03-25 17:56:38, MOVE, v:1, k:fup@max, mode:PICK
2026-03-25 17:56:39, EXEC, v:1, k:fup@max, mode:FULL, rate:0, size:5
2026-03-25 18:10:34, EXEC, v:1, k:fup@max, mode:FULL, size:18, fail:COMP
2026-03-25 18:12:20, EXEC, v:1, k:fup@max, mode:FULL, size:18, fail:COMP
2026-03-25 18:12:46, EXEC, v:1, k:fup@max, mode:FULL, size:18, fail:COMP
2026-03-25 18:13:23, EXEC, v:1, k:fup@max, mode:FULL, size:18, fail:COMP
2026-03-25 18:13:28, EXEC, v:1, k:fup@max, mode:FULL, fail:COMP
2026-03-25 18:15:28, EXEC, v:1, k:fup@max, mode:FULL, size:15, fail:COMP
2026-03-25 18:18:39, EXEC, v:1, k:fup@max, mode:FULL, size:15, fail:COMP
2026-03-25 18:19:19, EXEC, v:1, k:fup@max, mode:FULL, size:15, fail:COMP
2026-03-25 18:19:36, EXEC, v:1, k:fup@max, mode:FULL, rate:100, size:15
2026-03-25 18:20:32, MOVE, v:1, k:fup@max, mode:BACK
2026-03-25 18:20:53, MOVE, v:1, k:fup@ou, mode:DOWN
2026-03-25 18:20:54, MOVE, v:1, k:fup@ou, mode:PICK
2026-03-25 18:20:55, EXEC, v:1, k:fup@ou, mode:FULL, rate:0, size:5
2026-03-25 18:25:15, EXEC, v:1, k:fup@ou, mode:FULL, size:11, fail:COMP
2026-03-25 18:25:30, EXEC, v:1, k:fup@ou, mode:FULL, size:11, fail:COMP
2026-03-25 18:27:13, EXEC, v:1, k:fup@ou, mode:FULL, rate:20, size:12
2026-03-25 18:27:41, EXEC, v:1, k:fup@ou, mode:FULL, rate:20, size:12
2026-03-25 18:27:53, EXEC, v:1, k:fup@ou, mode:FULL, rate:20, size:13
2026-03-25 18:28:27, EXEC, v:1, k:fup@ou, mode:FULL, rate:80, size:13
2026-03-25 18:30:49, EXEC, v:1, k:fup@ou, mode:FULL, rate:100, size:13
2026-03-25 18:32:11, MOVE, v:1, k:fup@ou, mode:BACK
2026-03-25 18:33:38, MOVE, v:1, k:fup@calc, mode:DOWN
2026-03-25 18:33:39, MOVE, v:1, k:fup@calc, mode:PICK
2026-03-25 18:33:40, EXEC, v:1, k:fup@calc, mode:FULL, rate:0, size:5
2026-03-25 19:00:49, EXEC, v:1, k:fup@calc, mode:FULL, rate:77, size:21
2026-03-25 19:03:15, EXEC, v:1, k:fup@calc, mode:FULL, rate:100, size:21
2026-03-25 19:04:58, MOVE, v:1, k:fup@calc, mode:BACK
2026-03-25 19:06:00, SELF, v:1, k:fup@calc, self:1, rate:100, friend:nao
2026-03-25 19:06:44, SELF, v:1, k:fup@ou, self:1, rate:100, friend:nao
2026-03-25 19:07:16, SELF, v:1, k:fup@max, self:1, rate:100, friend:nao
2026-03-25 19:07:18, MOVE, v:1, k:fup@abs, mode:PICK
2026-03-25 19:07:21, MOVE, v:1, k:fup@abs, mode:BACK
2026-03-25 19:07:35, SELF, v:1, k:fup@abs, self:1, rate:100, friend:sim,alec
