2026-04-09 00:17:25, MOVE, v:1, k:fup@meio, mode:PICK
2026-04-09 00:17:28, EXEC, v:1, k:fup@meio, mode:FULL, rate:100
2026-04-09 00:17:37, MOVE, v:1, k:fup@meio, mode:BACK
2026-04-09 00:19:57, MOVE, v:1, k:fup@loop_i, mode:PICK
2026-04-09 00:19:59, EXEC, v:1, k:fup@loop_i, mode:FULL, rate:0
2026-04-09 00:17:27, MOVE, v:1, k:fup@meio, mode:EDIT
2026-04-09 00:19:59, MOVE, v:1, k:fup@loop_i, mode:EDIT
2026-04-09 00:22:02, MOVE, v:1, k:fup@loop_i, mode:EDIT
2026-04-09 00:22:50, EXEC, v:1, k:fup@loop_i, mode:FULL, rate:0, size:8
2026-04-09 00:22:50, EXEC, v:1, k:fup@loop_i, mode:FULL, size:8, fail:COMP
2026-04-09 00:22:51, EXEC, v:1, k:fup@loop_i, mode:FULL, size:8, fail:COMP
2026-04-09 00:22:51, EXEC, v:1, k:fup@loop_i, mode:FULL, size:8, fail:COMP
2026-04-09 00:22:51, EXEC, v:1, k:fup@loop_i, mode:FULL, size:8, fail:COMP
2026-04-09 00:23:25, EXEC, v:1, k:fup@loop_i, mode:FULL, size:9, fail:COMP
2026-04-09 00:23:42, EXEC, v:1, k:fup@loop_i, mode:FULL, rate:0, size:9
2026-04-09 00:23:52, EXEC, v:1, k:fup@loop_i, mode:FULL, rate:33, size:9
2026-04-09 00:23:59, EXEC, v:1, k:fup@loop_i, mode:FULL, rate:0, size:9
2026-04-09 00:26:04, EXEC, v:1, k:fup@loop_i, mode:FULL, size:10, fail:COMP
2026-04-09 00:26:53, EXEC, v:1, k:fup@loop_i, mode:FULL, rate:0, size:11
2026-04-09 00:26:50, MOVE, v:1, k:fup@loop_i, mode:EDIT
2026-04-09 00:26:52, MOVE, v:1, k:fup@loop_i, mode:EDIT
2026-04-09 00:32:04, MOVE, v:1, k:fup@loop_i, mode:EDIT
2026-04-09 00:32:19, EXEC, v:1, k:fup@loop_i, mode:FULL, rate:0, size:11
2026-04-09 00:32:34, EXEC, v:1, k:fup@loop_i, mode:FULL, rate:0, size:11
2026-04-09 00:33:53, EXEC, v:1, k:fup@loop_i, mode:FULL, rate:0, size:11
2026-04-09 00:36:47, EXEC, v:1, k:fup@loop_i, mode:FULL, rate:0, size:12
2026-04-09 00:36:43, MOVE, v:1, k:fup@loop_i, mode:EDIT
2026-04-09 00:36:47, MOVE, v:1, k:fup@loop_i, mode:EDIT
2026-04-09 00:39:10, EXEC, v:1, k:fup@loop_i, mode:FULL, rate:0, size:13
2026-04-09 00:40:34, EXEC, v:1, k:fup@loop_i, mode:FULL, rate:0, size:14
2026-04-09 00:41:34, EXEC, v:1, k:fup@loop_i, mode:FULL, rate:0
2026-04-09 00:41:29, MOVE, v:1, k:fup@loop_i, mode:EDIT
2026-04-09 00:41:34, MOVE, v:1, k:fup@loop_i, mode:EDIT
2026-04-09 00:43:16, EXEC, v:1, k:fup@loop_i, mode:FULL, rate:0, size:14
2026-04-09 00:46:52, EXEC, v:1, k:fup@loop_i, mode:FULL, size:14, fail:COMP
2026-04-09 00:46:47, MOVE, v:1, k:fup@loop_i, mode:EDIT
2026-04-09 00:43:16, MOVE, v:1, k:fup@loop_i, mode:EDIT
2026-04-09 00:47:14, EXEC, v:1, k:fup@loop_i, mode:FULL, rate:100, size:14
2026-04-09 00:49:10, MOVE, v:1, k:fup@loop_i, mode:BACK
2026-04-09 00:49:56, MOVE, v:1, k:fup@loop_iii, mode:DOWN
2026-04-09 00:49:57, MOVE, v:1, k:fup@loop_iii, mode:PICK
2026-04-09 00:49:59, EXEC, v:1, k:fup@loop_iii, mode:FULL, rate:0, size:5
2026-04-09 00:47:13, MOVE, v:1, k:fup@loop_i, mode:EDIT
2026-04-09 00:47:14, MOVE, v:1, k:fup@loop_i, mode:EDIT
2026-04-09 00:49:56, MOVE, v:1, k:fup@loop_iii, mode:EDIT
2026-04-09 00:50:34, MOVE, v:1, k:fup@loop_iii, mode:EDIT
2026-04-09 00:49:58, MOVE, v:1, k:fup@loop_iii, mode:EDIT
2026-04-09 00:57:09, MOVE, v:1, k:fup@loop_iii, mode:EDIT
2026-04-09 00:57:37, EXEC, v:1, k:fup@loop_iii, mode:FULL, rate:0, size:10
2026-04-09 01:00:00, EXEC, v:1, k:fup@loop_iii, mode:FULL, rate:0, size:10
2026-04-09 01:00:22, EXEC, v:1, k:fup@loop_iii, mode:FULL, rate:0, size:10
2026-04-09 01:00:32, MOVE, v:1, k:fup@loop_iii, mode:EDIT
2026-04-09 01:00:22, MOVE, v:1, k:fup@loop_iii, mode:EDIT
2026-04-09 01:04:15, EXEC, v:1, k:fup@loop_iii, mode:FULL, rate:0, size:10
2026-04-09 01:07:07, MOVE, v:1, k:fup@loop_iii, mode:EDIT
2026-04-09 01:04:15, MOVE, v:1, k:fup@loop_iii, mode:EDIT
2026-04-09 01:07:19, EXEC, v:1, k:fup@loop_iii, mode:FULL, rate:0, size:10
2026-04-09 01:09:18, EXEC, v:1, k:fup@loop_iii, mode:FULL, rate:0, size:10
2026-04-09 01:10:59, EXEC, v:1, k:fup@loop_iii, mode:FULL, rate:0, size:11
2026-04-09 01:11:01, EXEC, v:1, k:fup@loop_iii, mode:FULL, rate:0
2026-04-09 01:11:10, EXEC, v:1, k:fup@loop_iii, mode:FULL, rate:0, size:11
2026-04-09 01:11:30, EXEC, v:1, k:fup@loop_iii, mode:FULL, rate:0, size:11
2026-04-09 01:11:38, EXEC, v:1, k:fup@loop_iii, mode:FULL, rate:0, size:11
2026-04-09 01:12:08, MOVE, v:1, k:fup@loop_iii, mode:EDIT
2026-04-09 01:11:38, MOVE, v:1, k:fup@loop_iii, mode:EDIT
2026-04-09 01:12:17, EXEC, v:1, k:fup@loop_iii, mode:FULL, rate:0, size:11
2026-04-09 01:12:34, EXEC, v:1, k:fup@loop_iii, mode:FULL, rate:0, size:11
2026-04-09 01:13:08, EXEC, v:1, k:fup@loop_iii, mode:FULL, rate:0, size:11
2026-04-09 01:13:22, EXEC, v:1, k:fup@loop_iii, mode:FULL, rate:0, size:11
2026-04-09 01:13:32, EXEC, v:1, k:fup@loop_iii, mode:FULL, rate:0, size:11
2026-04-09 01:13:42, EXEC, v:1, k:fup@loop_iii, mode:FULL, rate:0, size:11
2026-04-09 01:14:10, EXEC, v:1, k:fup@loop_iii, mode:FULL, rate:0, size:11
2026-04-09 01:14:16, EXEC, v:1, k:fup@loop_iii, mode:FULL, rate:0, size:11
2026-04-09 01:15:09, EXEC, v:1, k:fup@loop_iii, mode:FULL, rate:0, size:11
2026-04-09 01:17:06, MOVE, v:1, k:fup@loop_iii, mode:EDIT
2026-04-09 01:15:09, MOVE, v:1, k:fup@loop_iii, mode:EDIT
2026-04-09 01:18:18, EXEC, v:1, k:fup@loop_iii, mode:FULL, rate:0, size:16
2026-04-09 01:19:39, EXEC, v:1, k:fup@loop_iii, mode:FULL, rate:0, size:16
2026-04-09 01:19:57, EXEC, v:1, k:fup@loop_iii, mode:FULL, rate:0, size:16
2026-04-09 01:20:07, EXEC, v:1, k:fup@loop_iii, mode:FULL, rate:0, size:16
2026-04-09 01:21:48, EXEC, v:1, k:fup@loop_iii, mode:FULL, rate:0, size:16
2026-04-09 01:21:58, EXEC, v:1, k:fup@loop_iii, mode:FULL, rate:0, size:16
2026-04-09 01:21:56, MOVE, v:1, k:fup@loop_iii, mode:EDIT
2026-04-09 01:21:58, MOVE, v:1, k:fup@loop_iii, mode:EDIT
2026-04-09 01:23:40, EXEC, v:1, k:fup@loop_iii, mode:FULL, rate:0, size:13
2026-04-09 01:24:14, EXEC, v:1, k:fup@loop_iii, mode:FULL, rate:0, size:14
2026-04-09 01:25:07, EXEC, v:1, k:fup@loop_iii, mode:FULL, rate:0, size:16
2026-04-09 01:25:44, EXEC, v:1, k:fup@loop_iii, mode:FULL, rate:0, size:16
2026-04-09 01:26:03, EXEC, v:1, k:fup@loop_iii, mode:FULL, rate:0, size:16
2026-04-09 01:26:10, EXEC, v:1, k:fup@loop_iii, mode:FULL, rate:0, size:16
2026-04-09 01:26:18, EXEC, v:1, k:fup@loop_iii, mode:FULL, rate:100, size:16
2026-04-09 01:26:17, MOVE, v:1, k:fup@loop_iii, mode:EDIT
2026-04-09 01:26:18, MOVE, v:1, k:fup@loop_iii, mode:EDIT
2026-04-09 01:27:12, MOVE, v:1, k:fup@loop_iii, mode:BACK
2026-04-09 01:27:30, SELF, v:1, k:fup@loop_iii, self:1, rate:100
2026-04-09 01:27:34, MOVE, v:1, k:fup@loop_i, mode:PICK
2026-04-09 01:27:37, MOVE, v:1, k:fup@loop_i, mode:BACK
2026-04-09 01:27:44, SELF, v:1, k:fup@loop_i, self:1, rate:100
2026-04-09 01:30:07, SELF, v:1, k:fup@loop_i, self:1
